<?xml version="1.0" encoding="UTF-8"?>
<testsuites>
  <testsuite name="" tests="9" assertions="9" errors="0" warnings="0" failures="0" skipped="0" time="0.149141">
    <testsuite name="unit" tests="9" assertions="9" errors="0" warnings="0" failures="0" skipped="0" time="0.149141">
      <testsuite name="Unit\ServiceManagerTest" file="/app/tests/unit/ServiceManagerTest.php" tests="9" assertions="9" errors="0" warnings="0" failures="0" skipped="0" time="0.149141">
        <testcase name="testConstructor" class="Unit\ServiceManagerTest" classname="Unit.ServiceManagerTest" file="/app/tests/unit/ServiceManagerTest.php" line="16" assertions="1" time="0.099801"/>
        <testcase name="testGetNotFound" class="Unit\ServiceManagerTest" classname="Unit.ServiceManagerTest" file="/app/tests/unit/ServiceManagerTest.php" line="21" assertions="1" time="0.019565"/>
        <testcase name="testHasNotFound" class="Unit\ServiceManagerTest" classname="Unit.ServiceManagerTest" file="/app/tests/unit/ServiceManagerTest.php" line="28" assertions="1" time="0.007190"/>
        <testcase name="testHasFoundString" class="Unit\ServiceManagerTest" classname="Unit.ServiceManagerTest" file="/app/tests/unit/ServiceManagerTest.php" line="34" assertions="1" time="0.006762"/>
        <testcase name="testConfig" class="Unit\ServiceManagerTest" classname="Unit.ServiceManagerTest" file="/app/tests/unit/ServiceManagerTest.php" line="41" assertions="1" time="0.006347"/>
        <testcase name="testShared" class="Unit\ServiceManagerTest" classname="Unit.ServiceManagerTest" file="/app/tests/unit/ServiceManagerTest.php" line="48" assertions="1" time="0.000748"/>
        <testcase name="testNotShared" class="Unit\ServiceManagerTest" classname="Unit.ServiceManagerTest" file="/app/tests/unit/ServiceManagerTest.php" line="58" assertions="1" time="0.006683"/>
        <testcase name="testDI" class="Unit\ServiceManagerTest" classname="Unit.ServiceManagerTest" file="/app/tests/unit/ServiceManagerTest.php" line="67" assertions="1" time="0.000874"/>
        <testcase name="testDIException" class="Unit\ServiceManagerTest" classname="Unit.ServiceManagerTest" file="/app/tests/unit/ServiceManagerTest.php" line="78" assertions="1" time="0.001172"/>
      </testsuite>
    </testsuite>
  </testsuite>
</testsuites>
